[2016-09-01 09:18:40] START
[2016-09-01 09:21:13] EDIT rumytech/views/default/index.html: 59
[2016-09-01 09:21:52] CREATE default/product.html: 0
[2016-09-01 09:21:56] EDIT rumytech/views/default/product.html: 122
[2016-09-01 09:22:14] CREATE default/expertise.html: 0
[2016-09-01 09:22:18] EDIT rumytech/views/default/expertise.html: 162
[2016-09-01 09:22:29] CREATE default/contact.html: 0
[2016-09-01 09:22:32] EDIT rumytech/views/default/contact.html: 166
[2016-09-01 09:22:44] CREATE default/career.html: 0
[2016-09-01 09:22:49] EDIT rumytech/views/default/career.html: 195
[2016-09-01 09:23:00] CREATE default/about.html: 0
[2016-09-01 09:23:03] EDIT rumytech/views/default/about.html: 120
[2016-09-01 09:24:00] EDIT rumytech/controllers/default.py: 1
[2016-09-01 09:24:13] EDIT rumytech/controllers/default.py: 2
[2016-09-01 09:25:55] UPLOAD /home/user/rumytechnologies/applications/rumytech/static/Style 7 Updated.zip: 10030
[2016-09-01 09:57:52] EDIT rumytech/views/default/index.html: 0
[2016-09-01 09:59:20] EDIT rumytech/views/default/index.html: 0
[2016-09-01 10:05:28] DELETE rumytech/static/css/styles.css: -1012
[2016-09-01 10:05:55] CREATE css/styles.css: 0
[2016-09-01 10:06:07] EDIT rumytech/static/css/styles.css: 1012
[2016-09-01 10:06:56] DELETE rumytech/static/css/styles.css.bak: 0
[2016-09-01 10:08:11] EDIT rumytech/views/default/about.html: 0
[2016-09-01 10:08:21] EDIT rumytech/views/default/career.html: 0
[2016-09-01 10:08:39] EDIT rumytech/views/default/expertise.html: 0
[2016-09-01 10:08:49] EDIT rumytech/views/default/contact.html: 0
[2016-09-01 10:08:57] EDIT rumytech/views/default/product.html: 0
[2016-09-01 10:10:36] EDIT rumytech/views/default/product.html: 0
[2016-09-01 10:10:44] EDIT rumytech/views/default/contact.html: 0
[2016-09-01 10:10:51] EDIT rumytech/views/default/expertise.html: 0
[2016-09-01 10:10:59] EDIT rumytech/views/default/career.html: 0
[2016-09-01 10:11:05] EDIT rumytech/views/default/about.html: 0
[2016-09-01 10:16:51] EDIT rumytech/views/default/about.html: 0
[2016-09-01 10:17:02] EDIT rumytech/views/default/career.html: 0
[2016-09-01 10:17:11] EDIT rumytech/views/default/contact.html: 0
[2016-09-01 10:17:19] EDIT rumytech/views/default/expertise.html: 0
[2016-09-01 10:17:25] EDIT rumytech/views/default/product.html: 0
[2016-09-01 10:18:10] EDIT rumytech/views/default/product.html: 0
[2016-09-01 10:18:30] EDIT rumytech/views/default/expertise.html: 0
[2016-09-01 10:18:43] EDIT rumytech/views/default/career.html: 0
[2016-09-01 10:18:51] EDIT rumytech/views/default/about.html: 0
[2016-09-01 10:19:37] EDIT rumytech/views/default/product.html: 0
[2016-09-01 10:21:38] EDIT rumytech/views/default/about.html: 0
[2016-09-01 10:21:59] EDIT rumytech/views/default/about.html: 0
[2016-09-01 11:41:30] EDIT rumytech/views/default/index.html: 0
[2016-09-01 11:42:02] EDIT rumytech/views/default/about.html: 0
[2016-09-01 11:42:12] EDIT rumytech/views/default/career.html: 0
[2016-09-01 11:42:21] EDIT rumytech/views/default/contact.html: 0
[2016-09-01 11:42:31] EDIT rumytech/views/default/expertise.html: 0
[2016-09-01 11:42:40] EDIT rumytech/views/default/product.html: 0
[2016-09-02 10:50:51] EDIT rumytech/views/default/contact.html: 2
[2016-09-02 10:51:31] EDIT rumytech/views/default/contact.html: 0
[2016-09-02 10:59:23] EDIT rumytech/controllers/default.py: 0
[2016-09-02 11:00:13] EDIT rumytech/controllers/default.py: 5
[2016-09-02 11:03:39] EDIT rumytech/controllers/default.py: 22
[2016-09-02 11:04:27] EDIT rumytech/views/default/contact.html: 1
[2016-09-02 11:04:55] EDIT rumytech/controllers/default.py: 0
[2016-09-02 11:06:35] EDIT rumytech/views/default/contact.html: -3
[2016-09-02 15:47:01] EDIT Init/controllers/default.py: 0
[2016-09-02 15:47:36] EDIT Init/controllers/default.py: 1
[2016-09-02 15:48:19] EDIT Init/controllers/default.py: 0
[2016-09-02 15:48:36] EDIT Init/controllers/default.py: 0
[2016-09-02 15:49:00] EDIT Init/controllers/default.py: 0
[2016-09-02 15:49:10] EDIT Init/controllers/default.py: 0
[2016-09-02 15:49:48] EDIT Init/views/default/contact.html: 3
[2016-09-02 15:51:31] EDIT Init/static/css/styles.css: 4
[2016-09-02 15:52:12] EDIT Init/static/css/styles.css: 0
[2016-09-02 15:53:29] EDIT Init/static/css/styles.css: 0
[2016-09-02 15:53:48] EDIT Init/static/css/styles.css: 1
[2016-09-02 15:54:08] EDIT Init/static/css/styles.css: 1
[2016-09-02 15:56:25] EDIT Init/static/css/styles.css: 3
[2016-09-02 15:57:22] EDIT Init/static/css/styles.css: 3
[2016-09-02 15:58:13] EDIT Init/controllers/default.py: 0
[2016-09-02 15:58:33] EDIT Init/controllers/default.py: 0
[2016-09-02 15:58:43] EDIT Init/controllers/default.py: 0
[2016-09-02 15:58:52] EDIT Init/controllers/default.py: 0
[2016-09-02 16:00:19] EDIT Init/controllers/default.py: 0
[2016-09-02 16:01:17] CREATE _widgets.py: 0
[2016-09-02 16:01:21] EDIT Init/models/_widgets.py: 2
[2016-09-02 16:01:28] EDIT Init/models/_widgets.py: 0
[2016-09-02 16:01:43] EDIT Init/models/_widgets.py: 0
[2016-09-02 16:01:50] EDIT Init/models/_widgets.py: 0
[2016-09-02 16:02:44] EDIT Init/models/_widgets.py: 0
[2016-09-02 16:03:05] EDIT Init/models/_widgets.py: 0
[2016-09-02 16:03:14] EDIT Init/models/_widgets.py: 0
[2016-09-02 16:04:47] EDIT Init/controllers/default.py: -1
[2016-09-02 16:05:02] EDIT Init/controllers/default.py: 0
[2016-09-02 16:05:25] EDIT Init/controllers/default.py: 0
[2016-09-02 16:05:55] EDIT Init/controllers/default.py: 0
[2016-09-02 16:06:12] EDIT Init/controllers/default.py: 0
[2016-09-02 16:09:01] EDIT Init/static/css/styles.css: 5
[2016-09-02 16:10:13] EDIT Init/static/css/styles.css: 3
[2016-09-02 16:13:04] EDIT Init/controllers/default.py: 0
[2016-09-02 16:14:23] EDIT Init/controllers/default.py: 0
[2016-09-02 16:15:21] EDIT Init/controllers/default.py: -1
[2016-09-02 16:15:29] EDIT Init/controllers/default.py: 0
[2016-09-02 16:16:16] EDIT Init/controllers/default.py: 0
[2016-09-03 07:44:48] EDIT Init/controllers/default.py: 0
[2016-09-03 07:45:32] EDIT Init/views/default/contact.html: 0
[2016-09-03 07:46:43] EDIT Init/views/default/contact.html: -2
[2016-09-03 07:46:59] EDIT Init/views/default/contact.html: 1
[2016-09-03 07:47:52] EDIT Init/views/default/contact.html: 1
[2016-09-03 07:48:19] EDIT Init/views/default/contact.html: 0
[2016-09-03 07:51:00] EDIT Init/views/default/contact.html: 0
[2016-09-03 07:54:08] EDIT Init/controllers/default.py: 0
[2016-09-03 07:54:22] EDIT Init/controllers/default.py: 0
[2016-09-03 07:54:33] EDIT Init/controllers/default.py: 0
[2016-09-03 07:55:15] EDIT Init/controllers/default.py: 0
[2016-09-03 08:01:04] EDIT Init/controllers/default.py: 0
[2016-09-03 08:12:04] EDIT Init/controllers/default.py: -2
[2016-09-03 08:12:14] EDIT Init/controllers/default.py: 0
[2016-09-03 08:12:23] EDIT Init/controllers/default.py: 0
[2016-09-03 08:12:34] EDIT Init/controllers/default.py: 0
[2016-09-03 08:13:30] EDIT Init/controllers/default.py: 1
[2016-09-03 08:13:48] EDIT Init/controllers/default.py: -2
[2016-09-03 08:13:58] EDIT Init/controllers/default.py: 0
[2016-09-03 08:14:07] EDIT Init/controllers/default.py: 1
[2016-09-03 08:14:24] EDIT Init/controllers/default.py: 0
[2016-09-03 08:14:31] EDIT Init/controllers/default.py: 0
[2016-09-03 08:14:38] EDIT Init/controllers/default.py: 0
[2016-09-03 08:14:42] EDIT Init/controllers/default.py: 0
[2016-09-03 08:15:06] EDIT Init/controllers/default.py: 2
[2016-09-03 08:15:13] EDIT Init/controllers/default.py: 0
[2016-09-03 08:15:27] EDIT Init/controllers/default.py: -2
[2016-09-03 08:15:44] EDIT Init/controllers/default.py: 0
[2016-09-03 08:16:54] EDIT Init/controllers/default.py: 0
[2016-09-03 08:18:06] EDIT Init/controllers/default.py: 3
[2016-09-03 08:18:12] EDIT Init/controllers/default.py: -1
[2016-09-03 08:18:22] EDIT Init/controllers/default.py: -1
[2016-09-03 08:18:51] EDIT Init/controllers/default.py: 0
[2016-09-03 08:19:06] EDIT Init/controllers/default.py: 0
[2016-09-03 08:19:14] EDIT Init/controllers/default.py: 0
[2016-09-03 08:19:28] EDIT Init/controllers/default.py: 0
[2016-09-03 08:19:51] EDIT Init/controllers/default.py: 0
[2016-09-03 08:20:41] EDIT Init/controllers/default.py: 1
[2016-09-03 08:21:51] EDIT Init/controllers/default.py: 0
[2016-09-03 08:22:23] EDIT Init/controllers/default.py: 0
[2016-09-03 08:24:13] EDIT Init/static/css/styles.css: 2
[2016-09-03 08:25:32] EDIT Init/static/css/styles.css: 0
[2016-09-03 08:26:03] EDIT Init/static/css/styles.css: 1
[2016-09-03 08:33:23] EDIT Init/views/default/career.html: 1
[2016-09-03 08:34:58] EDIT Init/views/default/career.html: -1
[2016-09-03 08:35:08] EDIT Init/views/default/contact.html: 1
[2016-09-03 08:39:02] EDIT Init/static/css/styles.css: 27
[2016-09-03 08:39:06] EDIT Init/views/default/contact.html: 0
[2016-09-03 08:40:23] EDIT Init/views/default/contact.html: 0
[2016-09-03 08:42:30] EDIT Init/static/css/styles.css: -27
[2016-09-03 08:42:43] EDIT Init/views/default/contact.html: 0
[2016-09-03 08:42:48] EDIT Init/views/default/contact.html: 0
[2016-09-03 08:51:03] EDIT Init/views/default/contact.html: 0
[2016-09-03 05:10:38] EDIT rumytech2/controllers/default.py: -7
[2016-09-03 05:12:04] EDIT rumytech2/controllers/default.py: 1
[2016-09-03 05:12:48] EDIT rumytech2/controllers/default.py: 0
[2016-09-03 05:17:37] EDIT rumytech2/views/default/contact.html: -4
[2016-09-03 05:19:00] EDIT rumytech2/views/default/contact.html: 27
[2016-09-03 05:19:26] EDIT rumytech2/static/css/styles.css: -23
[2016-09-03 05:22:05] EDIT rumytech2/controllers/default.py: 0
[2016-09-21 08:04:22] UPLOAD /home/user/rumytechnologies/applications/rumytech2/static/images/product_rumy_01.jpg: 530
[2016-09-21 08:05:09] EDIT rumytech2/views/default/product.html: 0
[2016-09-21 08:09:44] UPLOAD /home/user/rumytechnologies/applications/rumytech2/static/images/product_rumy_01.jpg: 367
[2016-09-21 08:18:19] UPLOAD /home/user/rumytechnologies/applications/rumytech2/static/product_rumy_01.jpg: 367
[2016-09-21 08:27:10] EDIT rumytech2/static/css/styles.css: 0
[2016-09-21 08:27:27] EDIT rumytech2/static/css/styles.css: 0
[2016-10-22 05:44:34] EDIT rumytechnologies/views/default/product.html: 14
[2016-10-22 05:45:24] UPLOAD /home/user/web2py/applications/rumytechnologies/static/images/product_rfid.png: 76
[2016-10-22 05:45:34] UPLOAD /home/user/web2py/applications/rumytechnologies/static/images/product_fingerprint.png: 144
[2016-10-22 05:47:41] EDIT rumytechnologies/views/default/product.html: 0
[2016-10-22 05:48:25] EDIT rumytechnologies/static/css/styles.css: 3
[2016-10-22 05:51:29] EDIT rumytechnologies/static/css/styles.css: 1
[2016-10-22 05:51:59] EDIT rumytechnologies/static/css/styles.css: -1
[2016-10-22 05:52:29] EDIT rumytechnologies/static/css/styles.css: 0
[2016-10-22 05:52:32] EDIT rumytechnologies/static/css/styles.css: 0
[2016-10-22 05:52:53] EDIT rumytechnologies/static/css/styles.css: 1
[2016-10-22 05:53:37] EDIT rumytechnologies/static/css/styles.css: 3
[2016-10-22 05:53:52] EDIT rumytechnologies/static/css/styles.css: -1
[2016-10-22 06:05:51] EDIT rumytechnologies/static/css/styles.css: -3
[2016-10-22 06:06:12] EDIT rumytechnologies/static/css/styles.css: 0
[2016-10-22 06:06:38] EDIT rumytechnologies/static/css/styles.css: 1
[2016-10-22 06:06:47] EDIT rumytechnologies/static/css/styles.css: -1
[2016-10-22 06:07:30] EDIT rumytechnologies/static/css/styles.css: 0
[2016-10-22 06:07:48] EDIT rumytechnologies/views/default/product.html: 0
[2016-10-22 08:26:15] EDIT rumytechnologies/views/default/product.html: 0
[2016-10-22 08:27:21] EDIT rumytechnologies/views/default/product.html: 0
[2016-10-22 08:27:38] EDIT rumytechnologies/views/default/product.html: 0
[2016-10-22 08:27:57] EDIT rumytechnologies/views/default/product.html: 0
[2016-10-22 08:31:12] EDIT rumytechnologies/views/default/product.html: 0
[2016-10-22 08:32:29] EDIT rumytechnologies/views/default/product.html: 2
[2016-10-22 08:32:44] EDIT rumytechnologies/views/default/product.html: -2
[2016-10-22 08:35:50] EDIT rumytechnologies/views/default/about.html: 0
[2016-10-22 08:36:17] EDIT rumytechnologies/views/default/career.html: 0
[2016-10-22 08:36:50] EDIT rumytechnologies/views/default/contact.html: 0
[2016-10-22 08:39:04] EDIT rumytechnologies/views/default/expertise.html: 0
[2016-10-22 08:39:14] EDIT rumytechnologies/views/default/index.html: 0
[2016-10-22 10:20:44] EDIT rumytechnologies/views/default/about.html: 0
[2016-10-22 10:21:33] EDIT rumytechnologies/views/default/career.html: 0
[2016-10-22 10:23:19] EDIT rumytechnologies/views/default/contact.html: 0
[2016-10-22 10:23:34] EDIT rumytechnologies/views/default/expertise.html: 0
[2016-10-22 10:23:46] EDIT rumytechnologies/views/default/index.html: 0
[2016-10-22 10:24:08] EDIT rumytechnologies/views/default/product.html: 0
[2016-10-22 10:32:10] EDIT rumytechnologies/views/default/product.html: 0
[2016-10-23 07:45:16] UPLOAD /home/user/web2py/applications/rumytechnologies/static/css/main.css: 669
[2016-10-23 07:45:51] UPLOAD /home/user/web2py/applications/rumytechnologies/static/js/main.js: 36
[2016-10-23 07:46:04] UPLOAD /home/user/web2py/applications/rumytechnologies/static/js/wow.main.js: 2
[2016-10-23 07:46:13] DELETE rumytechnologies/static/js/wow.main.js: -2
[2016-10-23 07:46:30] UPLOAD /home/user/web2py/applications/rumytechnologies/static/js/wow.min.js: 2
[2016-10-23 07:46:52] UPLOAD /home/user/web2py/applications/rumytechnologies/static/js/modernizr_2.7.1.js: 597
[2016-10-23 07:47:33] UPLOAD /home/user/web2py/applications/rumytechnologies/static/images/biometric.jpg: 54
[2016-10-23 07:47:53] UPLOAD /home/user/web2py/applications/rumytechnologies/static/images/bg_2.jpg: 3666
[2016-10-23 07:48:17] UPLOAD /home/user/web2py/applications/rumytechnologies/static/images/customer_01.png: 48
[2016-10-23 07:48:34] UPLOAD /home/user/web2py/applications/rumytechnologies/static/images/fingerprint.png: 84
[2016-10-23 07:48:46] UPLOAD /home/user/web2py/applications/rumytechnologies/static/images/rfid.png: 70
[2016-10-23 07:49:18] UPLOAD /home/user/web2py/applications/rumytechnologies/static/images/logo.png: 18
[2016-10-23 07:50:19] EDIT rumytechnologies/controllers/default.py: 2
[2016-10-23 07:50:35] CREATE default/product_rams.html: 0
[2016-10-23 07:56:32] EDIT rumytechnologies/views/default/product_rams.html: 288
[2016-10-23 07:57:30] EDIT rumytechnologies/views/default/product_rams.html: 0
[2016-10-23 07:59:46] EDIT rumytechnologies/static/css/main.css: 0
[2016-10-23 08:00:21] EDIT rumytechnologies/views/default/product_rams.html: 0
[2016-10-23 08:01:33] UPLOAD /home/user/web2py/applications/rumytechnologies/static/images/bg_1.jpg: 19697
[2016-10-23 08:01:47] EDIT rumytechnologies/views/default/product_rams.html: 0
[2016-10-23 08:32:30] EDIT rumytechnologies/views/default/product_rams.html: 0
[2016-10-23 08:33:50] EDIT rumytechnologies/views/default/product.html: 0
[2016-10-23 08:34:24] EDIT rumytechnologies/views/default/contact.html: 0
[2016-10-23 08:40:22] EDIT rumytechnologies/views/default/product_rams.html: 15
[2016-10-23 08:41:16] EDIT rumytechnologies/views/default/product_rams.html: 5
[2016-10-23 08:44:52] EDIT rumytechnologies/controllers/default.py: 22
[2016-10-23 08:49:12] EDIT rumytechnologies/views/default/product_rams.html: -11
[2016-10-23 08:56:14] EDIT rumytechnologies/static/css/styles.css: 3
[2016-10-23 08:57:49] EDIT rumytechnologies/static/css/styles.css: 0
[2016-10-23 09:00:07] EDIT rumytechnologies/static/css/bootstrap.min.css: 0
[2016-10-23 09:00:21] EDIT rumytechnologies/static/css/bootstrap.min.css: 0
[2016-10-23 09:00:43] EDIT rumytechnologies/static/css/bootstrap.min.css: 0
[2016-10-23 09:02:59] EDIT rumytechnologies/views/default/product_rams.html: -9
[2016-10-23 09:03:55] EDIT rumytechnologies/views/default/product_rams.html: 9
[2016-10-23 09:08:13] EDIT rumytechnologies/models/db.py: 0
[2016-10-23 09:08:35] EDIT rumytechnologies/controllers/default.py: -5
[2016-10-23 09:09:30] EDIT rumytechnologies/models/db.py: 0
[2016-10-23 09:10:54] EDIT rumytechnologies/controllers/default.py: 5
[2016-10-23 09:13:31] EDIT rumytechnologies/controllers/default.py: 0
[2016-10-23 09:13:32] EDIT rumytechnologies/controllers/default.py: 0
[2016-10-23 09:14:43] EDIT rumytechnologies/controllers/default.py: 0
[2016-10-23 09:14:47] EDIT rumytechnologies/models/db.py: 0
[2016-10-23 09:17:03] EDIT rumytechnologies/controllers/default.py: 1
[2016-10-23 09:17:04] EDIT rumytechnologies/controllers/default.py: 0
[2016-10-23 09:17:22] EDIT rumytechnologies/views/default/product_rams.html: -4
[2016-10-23 09:18:35] EDIT rumytechnologies/controllers/default.py: 0
[2016-10-23 09:19:02] EDIT rumytechnologies/views/default/product_rams.html: 0
[2016-10-23 09:19:46] EDIT rumytechnologies/views/default/product_rams.html: 1
[2016-10-23 09:24:58] EDIT rumytechnologies/views/default/product_rams.html: 1
[2016-10-23 09:25:37] EDIT rumytechnologies/views/default/product_rams.html: -1
[2016-10-23 09:26:10] EDIT rumytechnologies/views/default/product_rams.html: 0
[2016-10-23 09:29:21] EDIT rumytechnologies/views/default/product_rams.html: 0
[2016-10-23 09:29:23] EDIT rumytechnologies/views/default/product_rams.html: 0
[2016-10-23 09:29:24] EDIT rumytechnologies/views/default/product_rams.html: 0
[2016-10-23 09:29:26] EDIT rumytechnologies/views/default/product_rams.html: 0
[2016-10-23 09:52:43] EDIT rumytechnologies/views/default/product_rams.html: 0
[2016-10-23 09:54:15] EDIT rumytechnologies/views/default/product_rams.html: 0
[2016-10-23 09:55:34] EDIT rumytechnologies/views/default/product_rams.html: 0
[2016-10-23 09:55:48] EDIT rumytechnologies/views/default/product_rams.html: 0
[2016-10-23 09:56:16] EDIT rumytechnologies/views/default/product_rams.html: 0
[2016-10-23 09:57:52] EDIT rumytechnologies/views/default/product_rams.html: 3
[2016-10-23 09:58:15] EDIT rumytechnologies/views/default/product_rams.html: 0
[2016-10-23 09:58:30] EDIT rumytechnologies/views/default/product_rams.html: 0
[2016-10-23 09:58:50] EDIT rumytechnologies/views/default/product_rams.html: 0
[2016-10-23 09:59:30] EDIT rumytechnologies/views/default/product_rams.html: 0
[2016-10-23 09:59:49] EDIT rumytechnologies/views/default/product_rams.html: 0
[2016-10-23 10:00:09] EDIT rumytechnologies/views/default/product_rams.html: 17
[2016-10-23 10:26:36] EDIT rumytechnologies/views/default/product_rams.html: 0
[2016-10-23 10:26:58] EDIT rumytechnologies/views/default/product_rams.html: 0
[2016-10-23 11:04:50] EDIT rumytechnologies/views/default/product_rams.html: 0
[2016-10-23 11:21:51] EDIT rumytechnologies/views/default/product_rams.html: 0
[2016-10-23 11:39:22] DELETE rumytechnologies/static/images/biometric.jpg: -54
[2016-10-23 11:39:48] UPLOAD /home/user/web2py/applications/rumytechnologies/static/images/biometric.jpg: 13
[2016-10-23 11:42:00] EDIT rumytechnologies/views/default/product_rams.html: 0
[2016-10-23 11:42:11] EDIT rumytechnologies/views/default/product_rams.html: 0
[2016-10-23 11:42:38] EDIT rumytechnologies/views/default/product_rams.html: 0
[2016-10-24 04:00:01] EDIT rumytechnologies/views/default/product_rams.html: 0
[2016-10-24 04:00:43] EDIT rumytechnologies/views/default/product_rams.html: 0
[2016-10-24 04:19:30] EDIT rumytechnologies/views/default/product_rams.html: 3
[2016-10-24 04:20:02] EDIT rumytechnologies/views/default/product_rams.html: 0
[2016-10-24 04:20:09] EDIT rumytechnologies/views/default/product_rams.html: 0
[2016-10-24 04:20:13] EDIT rumytechnologies/views/default/product_rams.html: 0
[2016-10-24 04:20:42] EDIT rumytechnologies/views/default/product_rams.html: 0
[2016-10-24 04:20:59] EDIT rumytechnologies/views/default/product_rams.html: 0
[2016-10-24 04:21:48] EDIT rumytechnologies/views/default/product_rams.html: 0
[2016-10-24 04:23:28] EDIT rumytechnologies/views/default/product_rams.html: 2
[2016-10-24 04:23:37] EDIT rumytechnologies/views/default/product_rams.html: 0
[2016-10-24 04:42:06] EDIT rumytechnologies/views/default/product_rams.html: -2
[2016-10-24 04:43:05] EDIT rumytechnologies/views/default/product_rams.html: 0
[2016-10-24 04:43:34] EDIT rumytechnologies/views/default/product_rams.html: 0
[2016-10-24 04:46:11] EDIT rumytechnologies/views/default/product_rams.html: 0
[2016-10-24 04:51:29] EDIT rumytechnologies/static/css/main.css: 4
[2016-10-24 04:51:47] EDIT rumytechnologies/static/css/main.css: 0
[2016-10-24 04:51:58] EDIT rumytechnologies/static/css/main.css: 0
[2016-10-24 04:52:18] EDIT rumytechnologies/static/css/main.css: 0
[2016-10-24 04:52:28] EDIT rumytechnologies/static/css/main.css: 0
[2016-10-24 04:52:30] EDIT rumytechnologies/static/css/main.css: 0
[2016-10-24 04:57:50] UPLOAD /home/user/web2py/applications/rumytechnologies/static/images/logo.png: 39
[2016-10-24 05:01:43] EDIT rumytechnologies/static/css/main.css: 2
[2016-10-24 05:02:12] EDIT rumytechnologies/views/default/product_rams.html: 0
[2016-10-25 07:48:12] EDIT rumytechnologies/controllers/default.py: 0
[2016-10-25 07:52:27] EDIT rumytechnologies/controllers/default.py: 2
[2016-10-25 07:58:21] EDIT rumytechnologies/controllers/default.py: -1
[2016-10-25 08:13:14] EDIT rumytechnologies/controllers/default.py: 3
[2016-10-25 08:13:51] EDIT rumytechnologies/controllers/default.py: 0
[2016-10-25 08:14:10] EDIT rumytechnologies/controllers/default.py: 0
[2016-10-25 08:14:12] EDIT rumytechnologies/controllers/default.py: 0
[2016-10-25 08:14:14] EDIT rumytechnologies/controllers/default.py: 0
[2016-10-25 08:15:41] EDIT rumytechnologies/controllers/default.py: 0
[2016-10-25 08:23:15] EDIT rumytechnologies/controllers/default.py: 0
[2016-10-25 08:24:00] EDIT rumytechnologies/controllers/default.py: 0
[2016-10-25 08:25:46] EDIT rumytechnologies/controllers/default.py: 0
[2016-10-25 08:32:19] EDIT rumytechnologies/views/default/product_rams.html: 1
[2016-10-25 08:32:28] EDIT rumytechnologies/controllers/default.py: 0
[2016-10-25 08:34:47] EDIT rumytechnologies/views/default/product_rams.html: 2
[2016-10-25 08:35:55] EDIT rumytechnologies/static/css/main.css: 2
[2016-10-25 08:36:30] EDIT rumytechnologies/static/css/main.css: -2
[2016-10-25 08:37:23] EDIT rumytechnologies/static/css/web2py-bootstrap3.css: -262
[2016-10-25 08:37:37] EDIT rumytechnologies/static/css/web2py-bootstrap3.css: 259
[2016-10-25 08:37:44] EDIT rumytechnologies/views/default/product_rams.html: -2
[2016-10-25 08:57:06] EDIT rumytechnologies/views/default/product_rams.html: 10
[2016-10-25 08:58:11] EDIT rumytechnologies/views/default/product_rams.html: 2
[2016-10-25 08:58:33] EDIT rumytechnologies/controllers/default.py: 0
[2016-10-25 08:59:11] EDIT rumytechnologies/views/default/product_rams.html: 0
[2016-10-25 08:59:56] EDIT rumytechnologies/views/default/product_rams.html: 0
[2016-10-25 09:01:23] EDIT rumytechnologies/views/default/product_rams.html: 0
[2016-10-25 09:06:07] EDIT rumytechnologies/views/default/product_rams.html: 11
[2016-10-25 09:07:56] EDIT rumytechnologies/views/default/product_rams.html: -8
[2016-10-25 09:11:25] EDIT rumytechnologies/views/default/product_rams.html: 0
[2016-10-25 09:11:27] EDIT rumytechnologies/views/default/product_rams.html: 0
[2016-10-25 09:12:14] EDIT rumytechnologies/views/default/product_rams.html: 3
[2016-10-25 09:14:35] EDIT rumytechnologies/views/default/product_rams.html: -1
[2016-10-25 09:14:45] EDIT rumytechnologies/views/default/product_rams.html: 0
[2016-10-25 09:15:01] EDIT rumytechnologies/views/default/product_rams.html: 0
[2016-10-25 09:15:18] EDIT rumytechnologies/views/default/product_rams.html: 0
[2016-10-25 09:17:01] EDIT rumytechnologies/views/default/product_rams.html: 4
[2016-10-25 09:17:28] EDIT rumytechnologies/views/default/product_rams.html: 1
[2016-10-25 09:19:11] EDIT rumytechnologies/views/default/product_rams.html: 0
[2016-10-25 09:20:16] EDIT rumytechnologies/views/default/product_rams.html: -4
[2016-10-25 09:20:49] EDIT rumytechnologies/controllers/default.py: 0
[2016-10-25 09:20:54] EDIT rumytechnologies/controllers/default.py: 0
[2016-10-25 09:22:08] EDIT rumytechnologies/controllers/default.py: 0
[2016-10-25 16:06:51] EDIT rumytechnologies/controllers/default.py: 0
[2016-10-25 16:06:53] EDIT rumytechnologies/controllers/default.py: 0
[2016-10-25 16:08:09] EDIT rumytechnologies/views/default/contact.html: 15
[2016-10-25 16:08:11] EDIT rumytechnologies/controllers/default.py: 0
[2016-10-25 16:08:28] EDIT rumytechnologies/controllers/default.py: 0
[2016-10-25 16:10:19] EDIT rumytechnologies/controllers/default.py: 0
[2016-10-25 16:10:24] EDIT rumytechnologies/views/default/contact.html: 0
[2016-10-25 16:11:01] EDIT rumytechnologies/views/default/contact.html: 5
[2016-10-25 16:11:43] EDIT rumytechnologies/views/default/contact.html: 0
[2016-10-25 16:16:01] EDIT rumytechnologies/views/default/contact.html: -1
[2016-10-25 16:18:30] EDIT rumytechnologies/views/default/contact.html: 0
[2016-10-25 16:18:49] EDIT rumytechnologies/views/default/contact.html: 1
[2016-10-25 16:19:22] EDIT rumytechnologies/controllers/default.py: 0
[2016-10-25 23:11:41] EDIT rumytechnologies/views/default/product_rams.html: 0
[2016-10-26 03:28:28] EDIT rumytechnologies/static/css/main.css: 0
[2016-10-26 03:28:35] EDIT rumytechnologies/static/css/main.css: 0
[2016-10-26 03:29:28] EDIT rumytechnologies/static/css/main.css: 0
[2016-10-26 03:31:24] EDIT rumytechnologies/static/css/main.css: 0
[2016-10-27 07:08:30] EDIT rumytechnologies/views/default/product_rams.html: 1
[2016-10-27 07:12:21] EDIT rumytechnologies/views/default/product_rams.html: -3
[2016-10-27 07:18:00] EDIT rumytechnologies/views/default/product_rams.html: 0
[2016-10-28 05:48:42] EDIT rumytechnologies/views/default/product_rams.html: 0
[2016-10-28 06:06:59] EDIT rumytechnologies/views/default/product_rams.html: 0
[2016-10-28 06:07:07] EDIT rumytechnologies/views/default/product_rams.html: 0
[2016-11-16 09:00:02] UPLOAD /home/user/web2py/applications/rumytechnologies/static/images/bg_1.jpg: 1948
[2017-01-08 04:59:25] UPLOAD /home/user/web2py/applications/rumytechnologies/static/img/n_logo.png: 147
[2017-01-08 05:00:28] DELETE rumytechnologies/static/img/n_logo.png: -147
[2017-01-08 05:00:45] UPLOAD /home/user/web2py/applications/rumytechnologies/static/images/n_logo.png: 147
[2017-01-08 05:16:14] UPLOAD /home/user/web2py/applications/rumytechnologies/static/images/n_logo_text.png: 84
[2017-01-08 05:18:25] UPLOAD /home/user/web2py/applications/rumytechnologies/static/images/n_logo_star.png: 198
[2017-01-11 10:21:56] DELETE rumytechnologies/static/product_rumy_01.jpg: -367
[2017-01-11 10:23:03] DELETE rumytechnologies/static/images/n_logo.png: -147
[2017-01-11 10:23:16] DELETE rumytechnologies/static/images/n_logo_star.png: -198
[2017-01-11 10:23:25] DELETE rumytechnologies/static/images/n_logo_text.png: -84
[2017-01-11 10:49:58] UPLOAD /home/user/web2py/applications/rumytechnologies/static/nlogo.png: 215
[2017-01-11 11:09:18] UPLOAD /home/user/web2py/applications/rumytechnologies/static/images/nlogo.png: 349
[2017-01-11 11:11:26] UPLOAD /home/user/web2py/applications/rumytechnologies/static/images/nlogo.png: 162
[2017-01-11 11:13:46] UPLOAD /home/user/web2py/applications/rumytechnologies/static/images/nlogo.png: 192
[2017-01-11 11:16:13] UPLOAD /home/user/web2py/applications/rumytechnologies/static/images/nlogo.png: 173
[2017-01-11 11:18:58] UPLOAD /home/user/web2py/applications/rumytechnologies/static/images/nlogo.png: 160
[2017-01-11 11:21:05] UPLOAD /home/user/web2py/applications/rumytechnologies/static/images/nlogo.png: 144
[2017-01-11 11:23:33] UPLOAD /home/user/web2py/applications/rumytechnologies/static/images/nlogo.png: 193
[2017-01-11 11:24:51] UPLOAD /home/user/web2py/applications/rumytechnologies/static/images/nlogo.png: 169
[2017-01-11 12:05:36] UPLOAD /home/user/web2py/applications/rumytechnologies/static/image/logo_mobile.png: 94
[2017-01-11 12:12:09] UPLOAD /home/user/web2py/applications/rumytechnologies/static/images/logo_mobile.png: 100
[2017-03-04 06:53:48] EDIT rumytechnologies/controllers/default.py: 0
[2017-03-04 07:45:06] EDIT rumytechnologies/controllers/default.py: 0
[2017-03-04 07:45:06] EDIT rumytechnologies/controllers/default.py: 0
[2017-03-11 04:33:55] EDIT rumytechnologies/static/css/styles.css: 0
[2017-03-22 07:55:48] EDIT rumytechnologies/models/db.py: 0
[2017-03-22 07:59:45] EDIT rumytechnologies/controllers/default.py: 0
[2017-03-22 08:00:21] EDIT rumytechnologies/controllers/default.py: 0
